Phi-3 Mini 4K token stats over list-of-strings:
- 1_Stephen_King: records=60, total_tokens=234
- 2_Confucius: records=60, total_tokens=236
- 3_Bruce_Lee: records=60, total_tokens=247
- 4_Warren_Buffett: records=53, total_tokens=283
- 5_Christina_Aguilera: records=60, total_tokens=234
- 6_Cindy_Crawford: records=60, total_tokens=262
- 7_Marie_Osmond: records=60, total_tokens=288
- 8_Paris_Hilton: records=60, total_tokens=296
- 9_Justin_Bieber: records=60, total_tokens=227
- 10_Prince_Harry,_Duke_of_Sussex: records=60, total_tokens=314
- 11_Miley_Cyrus: records=54, total_tokens=248
- 12_Genghis_Khan: records=59, total_tokens=210
- 13_Liza_Minnelli: records=60, total_tokens=243
- 14_Taylor_Swift: records=58, total_tokens=292
- 15_Mark_Cuban: records=59, total_tokens=231
- 16_Rhea_Perlman: records=53, total_tokens=225
- 17_Mark_Hamill: records=60, total_tokens=307
- 18_John_D._Rockefeller: records=53, total_tokens=274
- 19_Alanis_Morissette: records=58, total_tokens=258
- 20_Marlon_Brando: records=59, total_tokens=253
- 21_50_Cent: records=49, total_tokens=244
OVERALL: scanned 21 dirs, total_records=1215, total_tokens=5406, avg_tokens=4.45
CSV written to: /home/stratis/unlearning/field_token_stats.csv


5406 - 236 = 5170
5170/20 = 258.5