Phi-3 Mini 4K token stats over fields ['prompt']:
- 1_Stephen_King: records=300, total_tokens=13108
- 2_Confucius: records=300, total_tokens=12674
- 3_Bruce_Lee: records=300, total_tokens=12240
- 4_Warren_Buffett: records=300, total_tokens=13371
- 5_Christina_Aguilera: records=300, total_tokens=12880
- 6_Cindy_Crawford: records=300, total_tokens=13656
- 7_Marie_Osmond: records=300, total_tokens=13223
- 8_Paris_Hilton: records=300, total_tokens=13255
- 9_Justin_Bieber: records=300, total_tokens=11742
- 10_Prince_Harry,_Duke_of_Sussex: records=300, total_tokens=13858
- 11_Miley_Cyrus: records=300, total_tokens=12819
- 12_Genghis_Khan: records=300, total_tokens=11673
- 13_Liza_Minnelli: records=300, total_tokens=13744
- 14_Taylor_Swift: records=300, total_tokens=13825
- 15_Mark_Cuban: records=300, total_tokens=13180
- 16_Rhea_Perlman: records=300, total_tokens=11554
- 17_Mark_Hamill: records=300, total_tokens=12974
- 18_John_D._Rockefeller: records=300, total_tokens=13215
- 19_Alanis_Morissette: records=300, total_tokens=13277
- 20_Marlon_Brando: records=300, total_tokens=12419
- 21_50_Cent: records=300, total_tokens=13700
OVERALL: scanned 21 dirs, total_records=6300, total_tokens=272387, avg_tokens=43.24
CSV written to: /home/stratis/unlearning/field_token_stats.csv

272387 - 12674 = 259713
259713/20 = 12985.65


ICU         & --            & --  & --               & --            \\
GA          & 298,067       & 3   & 894,201        & 17,884,020  \\
DPO         & 615,585       & 3   & 1,846,755      & 36,935,100  \\
NPO         & 298,067       & 3   & 894,201        & 17,884,020  \\
RT          & \underline{16,139}        & 3   & 48,417         & 968,340     \\
PURGE       & \textbf{13,245}      & 40  & 529,800        & 10,596,000  \\