Phi-3 Mini 4K token stats over fields ['instruction', 'output']:
- 1_Stephen_King: records=300, total_tokens=16261
- 2_Confucius: records=300, total_tokens=15827
- 3_Bruce_Lee: records=300, total_tokens=15393
- 4_Warren_Buffett: records=300, total_tokens=16524
- 5_Christina_Aguilera: records=300, total_tokens=16033
- 6_Cindy_Crawford: records=300, total_tokens=16809
- 7_Marie_Osmond: records=300, total_tokens=16376
- 8_Paris_Hilton: records=300, total_tokens=16408
- 9_Justin_Bieber: records=300, total_tokens=14895
- 10_Prince_Harry,_Duke_of_Sussex: records=300, total_tokens=17011
- 11_Miley_Cyrus: records=300, total_tokens=15972
- 12_Genghis_Khan: records=300, total_tokens=14826
- 13_Liza_Minnelli: records=300, total_tokens=16897
- 14_Taylor_Swift: records=300, total_tokens=16978
- 15_Mark_Cuban: records=300, total_tokens=16333
- 16_Rhea_Perlman: records=300, total_tokens=14707
- 17_Mark_Hamill: records=300, total_tokens=16127
- 18_John_D._Rockefeller: records=300, total_tokens=16368
- 19_Alanis_Morissette: records=300, total_tokens=16430
- 20_Marlon_Brando: records=300, total_tokens=15572
- 21_50_Cent: records=300, total_tokens=16853
OVERALL: scanned 21 dirs, total_records=6300, total_tokens=338600, avg_tokens=53.75
CSV written to: /home/stratis/unlearning/field_token_stats.csv

338600 - 15827 = 322773
322773/20 = 16138.65